TastyDot_FE/app/build/intermediates/manifest_merge_blame_file/debug/manifest-merger-blame-debug-report.txt
1<?xml version="1.0" encoding="utf-8"?>
2<manifest xmlns:android="http://schemas.android.com/apk/res/android"
3    package="com.project.project3"
4    android:versionCode="1"
5    android:versionName="1.0" >
6
7    <uses-sdk
8        android:minSdkVersion="24"
9        android:targetSdkVersion="34" />
10
11    <uses-permission android:name="android.permission.INTERNET" />
11-->src\main\AndroidManifest.xml:5:5-67
11-->src\main\AndroidManifest.xml:5:22-64
12    <uses-permission android:name="android.permission.ACCESS_COARSE_LOCATION" />
12-->src\main\AndroidManifest.xml:6:5-81
12-->src\main\AndroidManifest.xml:6:22-78
13    <uses-permission android:name="android.permission.ACCESS_FINE_LOCATION" />
13-->src\main\AndroidManifest.xml:7:5-79
13-->src\main\AndroidManifest.xml:7:22-76
14
15    <meta-data
15-->[com.kakao.maps.open:android:2.9.5] AndroidManifest.xml:7:5-9:29
16        android:name="com.kakao.vectormap.version.code"
16-->[com.kakao.maps.open:android:2.9.5] AndroidManifest.xml:8:9-56
17        android:value="1" /> <!-- Include required permissions for Google Maps API to run. -->
17-->[com.kakao.maps.open:android:2.9.5] AndroidManifest.xml:9:9-26
18    <uses-permission android:name="android.permission.ACCESS_NETWORK_STATE" />
18-->[com.google.android.gms:play-services-maps:18.2.0] AndroidManifest.xml:23:5-79
18-->[com.google.android.gms:play-services-maps:18.2.0] AndroidManifest.xml:23:22-76
19
20    <uses-feature
20-->[com.google.android.gms:play-services-maps:18.2.0] AndroidManifest.xml:26:5-28:35
21        android:glEsVersion="0x00020000"
21-->[com.google.android.gms:play-services-maps:18.2.0] AndroidManifest.xml:27:9-41
22        android:required="true" />
22-->[com.google.android.gms:play-services-maps:18.2.0] AndroidManifest.xml:28:9-32
23
24    <queries>
24-->[com.google.android.gms:play-services-maps:18.2.0] AndroidManifest.xml:30:5-34:15
25
26        <!-- Needs to be explicitly declared on Android R+ -->
27        <package android:name="com.google.android.apps.maps" />
27-->[com.google.android.gms:play-services-maps:18.2.0] AndroidManifest.xml:33:9-64
27-->[com.google.android.gms:play-services-maps:18.2.0] AndroidManifest.xml:33:18-61
28    </queries>
29
30    <permission
30-->[androidx.core:core:1.9.0] AndroidManifest.xml:22:5-24:47
31        android:name="com.project.project3.DYNAMIC_RECEIVER_NOT_EXPORTED_PERMISSION"
31-->[androidx.core:core:1.9.0] AndroidManifest.xml:23:9-81
32        android:protectionLevel="signature" />
32-->[androidx.core:core:1.9.0] AndroidManifest.xml:24:9-44
33
34    <uses-permission android:name="com.project.project3.DYNAMIC_RECEIVER_NOT_EXPORTED_PERMISSION" />
34-->[androidx.core:core:1.9.0] AndroidManifest.xml:26:5-97
34-->[androidx.core:core:1.9.0] AndroidManifest.xml:26:22-94
35
36    <application
36-->src\main\AndroidManifest.xml:9:5-85:19
37        android:allowBackup="true"
37-->src\main\AndroidManifest.xml:11:9-35
38        android:appComponentFactory="androidx.core.app.CoreComponentFactory"
38-->[androidx.core:core:1.9.0] AndroidManifest.xml:28:18-86
39        android:dataExtractionRules="@xml/data_extraction_rules"
39-->src\main\AndroidManifest.xml:12:9-65
40        android:debuggable="true"
41        android:extractNativeLibs="false"
42        android:fullBackupContent="@xml/backup_rules"
42-->src\main\AndroidManifest.xml:13:9-54
43        android:icon="@mipmap/ic_launcher"
43-->src\main\AndroidManifest.xml:14:9-43
44        android:label="@string/app_name"
44-->src\main\AndroidManifest.xml:15:9-41
45        android:roundIcon="@mipmap/ic_launcher_round"
45-->src\main\AndroidManifest.xml:16:9-54
46        android:supportsRtl="true"
46-->src\main\AndroidManifest.xml:17:9-35
47        android:testOnly="true"
48        android:theme="@style/Theme.Project3"
48-->src\main\AndroidManifest.xml:18:9-46
49        android:usesCleartextTraffic="true" >
49-->src\main\AndroidManifest.xml:19:9-44
50        <meta-data
50-->src\main\AndroidManifest.xml:22:9-24:64
51            android:name="com.kakao.sdk.AppKey"
51-->src\main\AndroidManifest.xml:23:13-48
52            android:value="c3a4ad4018842f3ea87bca61b6b96a30" />
52-->src\main\AndroidManifest.xml:24:13-61
53
54        <activity
54-->src\main\AndroidManifest.xml:26:9-28:40
55            android:name="com.project.project3.controller.user.UserMainActivity"
55-->src\main\AndroidManifest.xml:27:13-61
56            android:exported="false" />
56-->src\main\AndroidManifest.xml:28:13-37
57        <activity
57-->src\main\AndroidManifest.xml:29:9-30:39
58            android:name="com.project.project3.controller.advertiser.CheckCouponActivity"
58-->src\main\AndroidManifest.xml:29:19-76
59            android:exported="false" />
59-->src\main\AndroidManifest.xml:30:13-37
60        <activity
60-->src\main\AndroidManifest.xml:31:9-33:40
61            android:name="com.project.project3.controller.advertiser.HistoryCouponActivity"
61-->src\main\AndroidManifest.xml:32:13-72
62            android:exported="false" />
62-->src\main\AndroidManifest.xml:33:13-37
63        <activity
63-->src\main\AndroidManifest.xml:34:9-36:40
64            android:name="com.project.project3.controller.advertiser.MenuModActivity"
64-->src\main\AndroidManifest.xml:35:13-66
65            android:exported="false" />
65-->src\main\AndroidManifest.xml:36:13-37
66        <activity
66-->src\main\AndroidManifest.xml:37:9-39:40
67            android:name="com.project.project3.controller.user.UserLoginActivity"
67-->src\main\AndroidManifest.xml:38:13-62
68            android:exported="false" />
68-->src\main\AndroidManifest.xml:39:13-37
69        <activity
69-->src\main\AndroidManifest.xml:40:9-42:40
70            android:name="com.project.project3.controller.user.JoinUserActivity"
70-->src\main\AndroidManifest.xml:41:13-61
71            android:exported="false" />
71-->src\main\AndroidManifest.xml:42:13-37
72        <activity
72-->src\main\AndroidManifest.xml:43:9-45:40
73            android:name="com.project.project3.controller.user.OrderActivity"
73-->src\main\AndroidManifest.xml:44:13-58
74            android:exported="false" />
74-->src\main\AndroidManifest.xml:45:13-37
75        <activity
75-->src\main\AndroidManifest.xml:46:9-48:40
76            android:name="com.project.project3.controller.advertiser.StandingActivity4"
76-->src\main\AndroidManifest.xml:47:13-68
77            android:exported="false" />
77-->src\main\AndroidManifest.xml:48:13-37
78        <activity
78-->src\main\AndroidManifest.xml:49:9-51:40
79            android:name="com.project.project3.controller.advertiser.StandingActivity3"
79-->src\main\AndroidManifest.xml:50:13-68
80            android:exported="false" />
80-->src\main\AndroidManifest.xml:51:13-37
81        <activity
81-->src\main\AndroidManifest.xml:52:9-54:40
82            android:name="com.project.project3.controller.advertiser.JoinActivity"
82-->src\main\AndroidManifest.xml:53:13-63
83            android:exported="false" />
83-->src\main\AndroidManifest.xml:54:13-37
84        <activity
84-->src\main\AndroidManifest.xml:55:9-57:40
85            android:name="com.project.project3.controller.advertiser.StandingActivity2"
85-->src\main\AndroidManifest.xml:56:13-68
86            android:exported="false" />
86-->src\main\AndroidManifest.xml:57:13-37
87        <activity
87-->src\main\AndroidManifest.xml:58:9-60:40
88            android:name="com.project.project3.controller.advertiser.AddCouponActivity"
88-->src\main\AndroidManifest.xml:59:13-68
89            android:exported="false" />
89-->src\main\AndroidManifest.xml:60:13-37
90        <activity
90-->src\main\AndroidManifest.xml:61:9-63:40
91            android:name="com.project.project3.controller.advertiser.StandingActivity1"
91-->src\main\AndroidManifest.xml:62:13-68
92            android:exported="false" />
92-->src\main\AndroidManifest.xml:63:13-37
93        <activity
93-->src\main\AndroidManifest.xml:64:9-66:40
94            android:name="com.project.project3.controller.advertiser.MenuRegiActivity"
94-->src\main\AndroidManifest.xml:65:13-67
95            android:exported="false" />
95-->src\main\AndroidManifest.xml:66:13-37
96        <activity
96-->src\main\AndroidManifest.xml:67:9-69:40
97            android:name="com.project.project3.controller.advertiser.UserActivity"
97-->src\main\AndroidManifest.xml:68:13-63
98            android:exported="false" />
98-->src\main\AndroidManifest.xml:69:13-37
99        <activity
99-->src\main\AndroidManifest.xml:70:9-72:40
100            android:name="com.project.project3.controller.common.DivideActivity"
100-->src\main\AndroidManifest.xml:71:13-61
101            android:exported="false" />
101-->src\main\AndroidManifest.xml:72:13-37
102        <activity
102-->src\main\AndroidManifest.xml:73:9-75:40
103            android:name="com.project.project3.controller.advertiser.MainActivity"
103-->src\main\AndroidManifest.xml:74:13-63
104            android:exported="false" />
104-->src\main\AndroidManifest.xml:75:13-37
105        <activity
105-->src\main\AndroidManifest.xml:76:9-84:20
106            android:name="com.project.project3.controller.common.SplashActivity"
106-->src\main\AndroidManifest.xml:77:13-61
107            android:exported="true" >
107-->src\main\AndroidManifest.xml:78:13-36
108            <intent-filter>
108-->src\main\AndroidManifest.xml:79:13-83:29
109                <action android:name="android.intent.action.MAIN" />
109-->src\main\AndroidManifest.xml:80:17-69
109-->src\main\AndroidManifest.xml:80:25-66
110
111                <category android:name="android.intent.category.LAUNCHER" />
111-->src\main\AndroidManifest.xml:82:17-77
111-->src\main\AndroidManifest.xml:82:27-74
112            </intent-filter>
113        </activity>
114        <!-- Needs to be explicitly declared on P+ -->
115        <uses-library
115-->[com.google.android.gms:play-services-maps:18.2.0] AndroidManifest.xml:39:9-41:40
116            android:name="org.apache.http.legacy"
116-->[com.google.android.gms:play-services-maps:18.2.0] AndroidManifest.xml:40:13-50
117            android:required="false" />
117-->[com.google.android.gms:play-services-maps:18.2.0] AndroidManifest.xml:41:13-37
118
119        <activity
119-->[com.google.android.gms:play-services-base:18.0.1] AndroidManifest.xml:20:9-22:45
120            android:name="com.google.android.gms.common.api.GoogleApiActivity"
120-->[com.google.android.gms:play-services-base:18.0.1] AndroidManifest.xml:20:19-85
121            android:exported="false"
121-->[com.google.android.gms:play-services-base:18.0.1] AndroidManifest.xml:22:19-43
122            android:theme="@android:style/Theme.Translucent.NoTitleBar" />
122-->[com.google.android.gms:play-services-base:18.0.1] AndroidManifest.xml:21:19-78
123
124        <meta-data
124-->[com.google.android.gms:play-services-basement:18.0.0] AndroidManifest.xml:21:9-23:69
125            android:name="com.google.android.gms.version"
125-->[com.google.android.gms:play-services-basement:18.0.0] AndroidManifest.xml:22:13-58
126            android:value="@integer/google_play_services_version" />
126-->[com.google.android.gms:play-services-basement:18.0.0] AndroidManifest.xml:23:13-66
127
128        <provider
128-->[androidx.emoji2:emoji2:1.2.0] AndroidManifest.xml:24:9-32:20
129            android:name="androidx.startup.InitializationProvider"
129-->[androidx.emoji2:emoji2:1.2.0] AndroidManifest.xml:25:13-67
130            android:authorities="com.project.project3.androidx-startup"
130-->[androidx.emoji2:emoji2:1.2.0] AndroidManifest.xml:26:13-68
131            android:exported="false" >
131-->[androidx.emoji2:emoji2:1.2.0] AndroidManifest.xml:27:13-37
132            <meta-data
132-->[androidx.emoji2:emoji2:1.2.0] AndroidManifest.xml:29:13-31:52
133                android:name="androidx.emoji2.text.EmojiCompatInitializer"
133-->[androidx.emoji2:emoji2:1.2.0] AndroidManifest.xml:30:17-75
134                android:value="androidx.startup" />
134-->[androidx.emoji2:emoji2:1.2.0] AndroidManifest.xml:31:17-49
135            <meta-data
135-->[androidx.lifecycle:lifecycle-process:2.6.1] AndroidManifest.xml:29:13-31:52
136                android:name="androidx.lifecycle.ProcessLifecycleInitializer"
136-->[androidx.lifecycle:lifecycle-process:2.6.1] AndroidManifest.xml:30:17-78
137                android:value="androidx.startup" />
137-->[androidx.lifecycle:lifecycle-process:2.6.1] AndroidManifest.xml:31:17-49
138            <meta-data
138-->[androidx.profileinstaller:profileinstaller:1.3.0] AndroidManifest.xml:29:13-31:52
139                android:name="androidx.profileinstaller.ProfileInstallerInitializer"
139-->[androidx.profileinstaller:profileinstaller:1.3.0] AndroidManifest.xml:30:17-85
140                android:value="androidx.startup" />
140-->[androidx.profileinstaller:profileinstaller:1.3.0] AndroidManifest.xml:31:17-49
141        </provider>
142
143        <receiver
143-->[androidx.profileinstaller:profileinstaller:1.3.0] AndroidManifest.xml:34:9-52:20
144            android:name="androidx.profileinstaller.ProfileInstallReceiver"
144-->[androidx.profileinstaller:profileinstaller:1.3.0] AndroidManifest.xml:35:13-76
145            android:directBootAware="false"
145-->[androidx.profileinstaller:profileinstaller:1.3.0] AndroidManifest.xml:36:13-44
146            android:enabled="true"
146-->[androidx.profileinstaller:profileinstaller:1.3.0] AndroidManifest.xml:37:13-35
147            android:exported="true"
147-->[androidx.profileinstaller:profileinstaller:1.3.0] AndroidManifest.xml:38:13-36
148            android:permission="android.permission.DUMP" >
148-->[androidx.profileinstaller:profileinstaller:1.3.0] AndroidManifest.xml:39:13-57
149            <intent-filter>
149-->[androidx.profileinstaller:profileinstaller:1.3.0] AndroidManifest.xml:40:13-42:29
150                <action android:name="androidx.profileinstaller.action.INSTALL_PROFILE" />
150-->[androidx.profileinstaller:profileinstaller:1.3.0] AndroidManifest.xml:41:17-91
150-->[androidx.profileinstaller:profileinstaller:1.3.0] AndroidManifest.xml:41:25-88
151            </intent-filter>
152            <intent-filter>
152-->[androidx.profileinstaller:profileinstaller:1.3.0] AndroidManifest.xml:43:13-45:29
153                <action android:name="androidx.profileinstaller.action.SKIP_FILE" />
153-->[androidx.profileinstaller:profileinstaller:1.3.0] AndroidManifest.xml:44:17-85
153-->[androidx.profileinstaller:profileinstaller:1.3.0] AndroidManifest.xml:44:25-82
154            </intent-filter>
155            <intent-filter>
155-->[androidx.profileinstaller:profileinstaller:1.3.0] AndroidManifest.xml:46:13-48:29
156                <action android:name="androidx.profileinstaller.action.SAVE_PROFILE" />
156-->[androidx.profileinstaller:profileinstaller:1.3.0] AndroidManifest.xml:47:17-88
156-->[androidx.profileinstaller:profileinstaller:1.3.0] AndroidManifest.xml:47:25-85
157            </intent-filter>
158            <intent-filter>
158-->[androidx.profileinstaller:profileinstaller:1.3.0] AndroidManifest.xml:49:13-51:29
159                <action android:name="androidx.profileinstaller.action.BENCHMARK_OPERATION" />
159-->[androidx.profileinstaller:profileinstaller:1.3.0] AndroidManifest.xml:50:17-95
159-->[androidx.profileinstaller:profileinstaller:1.3.0] AndroidManifest.xml:50:25-92
160            </intent-filter>
161        </receiver>
162    </application>
163
164</manifest>